[2020-07-06T13:44:16.861] [18928] [master] [INFO] Master 18928 is running
[2020-07-06T13:44:40.887] [18744] [master] [INFO] Master 18744 is running
[2020-07-06T13:44:50.088] [8232] [master] [INFO] Master 8232 is running
[2020-07-06T13:51:59.579] [14232] [master] [INFO] Master 14232 is running
[2020-07-06T13:53:06.378] [19472] [master] [INFO] Master 19472 is running
[2020-07-06T13:53:28.626] [18112] [master] [INFO] Master 18112 is running
[2020-07-06T13:57:44.164] [19920] [master] [INFO] Master 19920 is running
[2020-07-06T13:59:02.522] [19992] [master] [INFO] Master 19992 is running
[2020-07-06T13:59:24.077] [18560] [master] [INFO] Master 18560 is running
[2020-07-06T13:59:46.607] [19344] [master] [INFO] Master 19344 is running
[2020-07-06T14:00:07.097] [7800] [master] [INFO] Master 7800 is running
[2020-07-06T14:00:12.869] [15024] [master] [INFO] Master 15024 is running
[2020-07-06T14:00:51.034] [8444] [master] [INFO] Master 8444 is running
[2020-07-06T14:01:13.368] [18704] [master] [INFO] Master 18704 is running
[2020-07-06T14:02:37.550] [4380] [master] [INFO] Master 4380 is running
[2020-07-06T14:02:42.584] [11536] [master] [INFO] Master 11536 is running
[2020-07-06T14:03:15.636] [7864] [master] [INFO] Master 7864 is running
[2020-07-06T14:04:17.850] [12384] [master] [INFO] Master 12384 is running
[2020-07-06T14:06:03.212] [15488] [master] [INFO] Master 15488 is running
[2020-07-06T14:06:49.706] [17452] [master] [INFO] Master 17452 is running
[2020-07-06T14:07:13.377] [19100] [master] [INFO] Master 19100 is running
[2020-07-06T14:09:34.771] [20428] [master] [INFO] Master 20428 is running
[2020-07-06T14:11:37.927] [18896] [master] [INFO] Master 18896 is running
[2020-07-06T14:14:41.218] [21344] [master] [INFO] Master 21344 is running
[2020-07-06T14:14:50.332] [20808] [master] [INFO] Master 20808 is running
[2020-07-06T14:15:45.318] [13912] [master] [INFO] Master 13912 is running
[2020-07-06T14:17:43.132] [19588] [master] [INFO] Master 19588 is running
[2020-07-06T14:18:04.579] [9832] [master] [INFO] Master 9832 is running
[2020-07-06T14:18:21.867] [12032] [master] [INFO] Master 12032 is running
[2020-07-06T14:18:57.014] [20376] [master] [INFO] Master 20376 is running
[2020-07-06T14:19:18.818] [20660] [master] [INFO] Master 20660 is running
[2020-07-06T14:19:24.844] [18284] [master] [INFO] Master 18284 is running
[2020-07-06T14:19:35.739] [17360] [master] [INFO] Master 17360 is running
[2020-07-06T14:20:05.690] [2332] [master] [INFO] Master 2332 is running
[2020-07-06T14:20:06.289] [2332] [master] [INFO] worker 21400 died (1). restarting...
[2020-07-06T14:20:06.841] [2332] [master] [INFO] worker 21368 died (1). restarting...
[2020-07-06T14:20:07.505] [2332] [master] [INFO] worker 20376 died (1). restarting...
[2020-07-06T14:20:08.123] [2332] [master] [INFO] worker 16464 died (1). restarting...
[2020-07-06T14:20:08.739] [2332] [master] [INFO] worker 20224 died (1). restarting...
[2020-07-06T14:20:09.405] [2332] [master] [INFO] worker 20852 died (1). restarting...
[2020-07-06T14:20:10.029] [2332] [master] [INFO] worker 21144 died (1). restarting...
[2020-07-06T14:20:10.592] [2332] [master] [INFO] worker 20768 died (1). restarting...
[2020-07-06T14:20:11.241] [2332] [master] [INFO] worker 20064 died (1). restarting...
[2020-07-06T14:20:11.854] [2332] [master] [INFO] worker 15396 died (1). restarting...
[2020-07-06T14:20:12.459] [2332] [master] [INFO] worker 20572 died (1). restarting...
[2020-07-06T14:20:12.963] [2332] [master] [INFO] worker 18884 died (1). restarting...
[2020-07-06T14:20:13.511] [2332] [master] [INFO] worker 21488 died (1). restarting...
[2020-07-06T14:20:14.039] [2332] [master] [INFO] worker 15616 died (1). restarting...
[2020-07-06T14:20:14.581] [2332] [master] [INFO] worker 19504 died (1). restarting...
[2020-07-06T14:20:15.136] [2332] [master] [INFO] worker 19532 died (1). restarting...
[2020-07-06T14:20:15.717] [2332] [master] [INFO] worker 20188 died (1). restarting...
[2020-07-06T14:20:16.262] [2332] [master] [INFO] worker 8448 died (1). restarting...
[2020-07-06T14:20:16.831] [2332] [master] [INFO] worker 21456 died (1). restarting...
[2020-07-06T14:20:17.397] [2332] [master] [INFO] worker 18744 died (1). restarting...
[2020-07-06T14:20:17.944] [2332] [master] [INFO] worker 18956 died (1). restarting...
[2020-07-06T14:20:18.485] [2332] [master] [INFO] worker 16088 died (1). restarting...
[2020-07-06T14:20:19.057] [2332] [master] [INFO] worker 1660 died (1). restarting...
[2020-07-06T14:20:19.595] [2332] [master] [INFO] worker 20592 died (1). restarting...
[2020-07-06T14:20:20.164] [2332] [master] [INFO] worker 21384 died (1). restarting...
[2020-07-06T14:20:20.732] [2332] [master] [INFO] worker 6496 died (1). restarting...
[2020-07-06T14:20:21.297] [2332] [master] [INFO] worker 16136 died (1). restarting...
[2020-07-06T14:20:21.843] [2332] [master] [INFO] worker 19812 died (1). restarting...
[2020-07-06T14:20:22.401] [2332] [master] [INFO] worker 21476 died (1). restarting...
[2020-07-06T14:20:22.966] [2332] [master] [INFO] worker 21288 died (1). restarting...
[2020-07-06T14:20:23.514] [2332] [master] [INFO] worker 3664 died (1). restarting...
[2020-07-06T14:20:24.049] [2332] [master] [INFO] worker 12112 died (1). restarting...
[2020-07-06T14:20:24.585] [2332] [master] [INFO] worker 20784 died (1). restarting...
[2020-07-06T14:20:25.093] [2332] [master] [INFO] worker 13104 died (1). restarting...
[2020-07-06T14:20:25.722] [2332] [master] [INFO] worker 21040 died (1). restarting...
[2020-07-06T14:20:26.300] [2332] [master] [INFO] worker 9900 died (1). restarting...
[2020-07-06T14:20:26.940] [2332] [master] [INFO] worker 20592 died (1). restarting...
[2020-07-06T14:20:27.596] [2332] [master] [INFO] worker 20008 died (1). restarting...
[2020-07-06T14:20:28.172] [2332] [master] [INFO] worker 21360 died (1). restarting...
[2020-07-06T14:20:28.714] [2332] [master] [INFO] worker 13696 died (1). restarting...
[2020-07-06T14:20:29.244] [2332] [master] [INFO] worker 20688 died (1). restarting...
[2020-07-06T14:20:29.786] [2332] [master] [INFO] worker 19532 died (1). restarting...
[2020-07-06T14:20:30.394] [2332] [master] [INFO] worker 18400 died (1). restarting...
[2020-07-06T14:20:31.007] [2332] [master] [INFO] worker 21248 died (1). restarting...
[2020-07-06T14:20:31.569] [2332] [master] [INFO] worker 13844 died (1). restarting...
[2020-07-06T14:20:32.103] [2332] [master] [INFO] worker 20656 died (1). restarting...
[2020-07-06T14:20:32.645] [2332] [master] [INFO] worker 18956 died (1). restarting...
[2020-07-06T14:20:33.183] [2332] [master] [INFO] worker 9760 died (1). restarting...
[2020-07-06T14:20:33.760] [2332] [master] [INFO] worker 20944 died (1). restarting...
[2020-07-06T14:20:34.309] [2332] [master] [INFO] worker 4472 died (1). restarting...
[2020-07-06T14:20:34.850] [2332] [master] [INFO] worker 21000 died (1). restarting...
[2020-07-06T14:20:35.395] [2332] [master] [INFO] worker 3084 died (1). restarting...
[2020-07-06T14:20:35.964] [2332] [master] [INFO] worker 20768 died (1). restarting...
[2020-07-06T14:20:36.500] [2332] [master] [INFO] worker 8628 died (1). restarting...
[2020-07-06T14:20:37.057] [2332] [master] [INFO] worker 12548 died (1). restarting...
[2020-07-06T14:20:37.581] [2332] [master] [INFO] worker 2740 died (1). restarting...
[2020-07-06T14:20:38.148] [2332] [master] [INFO] worker 18044 died (1). restarting...
[2020-07-06T14:20:38.698] [2332] [master] [INFO] worker 16480 died (1). restarting...
[2020-07-06T14:20:39.286] [2332] [master] [INFO] worker 20360 died (1). restarting...
[2020-07-06T14:20:39.918] [2332] [master] [INFO] worker 14432 died (1). restarting...
[2020-07-06T14:20:40.498] [2332] [master] [INFO] worker 5064 died (1). restarting...
[2020-07-06T14:20:41.070] [2332] [master] [INFO] worker 18392 died (1). restarting...
[2020-07-06T14:20:41.632] [2332] [master] [INFO] worker 8564 died (1). restarting...
[2020-07-06T14:20:42.185] [2332] [master] [INFO] worker 20008 died (1). restarting...
[2020-07-06T14:20:42.797] [2332] [master] [INFO] worker 19688 died (1). restarting...
[2020-07-06T14:20:43.348] [2332] [master] [INFO] worker 20088 died (1). restarting...
[2020-07-06T14:20:44.000] [2332] [master] [INFO] worker 14248 died (1). restarting...
[2020-07-06T14:20:44.557] [2332] [master] [INFO] worker 20188 died (1). restarting...
[2020-07-06T14:20:45.117] [2332] [master] [INFO] worker 21288 died (1). restarting...
[2020-07-06T14:20:45.675] [2332] [master] [INFO] worker 21152 died (1). restarting...
[2020-07-06T14:20:46.208] [2332] [master] [INFO] worker 13844 died (1). restarting...
[2020-07-06T14:20:46.770] [2332] [master] [INFO] worker 19236 died (1). restarting...
[2020-07-06T14:20:47.346] [2332] [master] [INFO] worker 20376 died (1). restarting...
[2020-07-06T14:20:47.960] [2332] [master] [INFO] worker 20544 died (1). restarting...
[2020-07-06T14:20:48.531] [2332] [master] [INFO] worker 9900 died (1). restarting...
[2020-07-06T14:20:49.087] [2332] [master] [INFO] worker 4472 died (1). restarting...
[2020-07-06T14:20:49.654] [2332] [master] [INFO] worker 21204 died (1). restarting...
[2020-07-06T14:20:50.198] [2332] [master] [INFO] worker 5584 died (1). restarting...
[2020-07-06T14:20:50.776] [2332] [master] [INFO] worker 14360 died (1). restarting...
[2020-07-06T14:20:51.318] [2332] [master] [INFO] worker 12276 died (1). restarting...
[2020-07-06T14:20:51.852] [2332] [master] [INFO] worker 20796 died (1). restarting...
[2020-07-06T14:20:52.400] [2332] [master] [INFO] worker 17888 died (1). restarting...
[2020-07-06T14:20:52.955] [2332] [master] [INFO] worker 20952 died (1). restarting...
[2020-07-06T14:20:53.525] [2332] [master] [INFO] worker 20568 died (1). restarting...
[2020-07-06T14:20:54.082] [2332] [master] [INFO] worker 15452 died (1). restarting...
[2020-07-06T14:20:54.613] [2332] [master] [INFO] worker 21244 died (1). restarting...
[2020-07-06T14:20:55.244] [2332] [master] [INFO] worker 16456 died (1). restarting...
[2020-07-06T14:20:55.798] [2332] [master] [INFO] worker 18992 died (1). restarting...
[2020-07-06T14:20:56.405] [2332] [master] [INFO] worker 17760 died (1). restarting...
[2020-07-06T14:20:56.944] [2332] [master] [INFO] worker 20852 died (1). restarting...
[2020-07-06T14:20:57.593] [2332] [master] [INFO] worker 20688 died (1). restarting...
[2020-07-06T14:20:58.155] [2332] [master] [INFO] worker 20664 died (1). restarting...
[2020-07-06T14:20:58.733] [2332] [master] [INFO] worker 3664 died (1). restarting...
[2020-07-06T14:20:59.275] [2332] [master] [INFO] worker 20548 died (1). restarting...
[2020-07-06T14:20:59.808] [2332] [master] [INFO] worker 7528 died (1). restarting...
[2020-07-06T14:21:00.366] [2332] [master] [INFO] worker 15252 died (1). restarting...
[2020-07-06T14:21:00.922] [2332] [master] [INFO] worker 20360 died (1). restarting...
[2020-07-06T14:21:01.698] [20440] [master] [INFO] Master 20440 is running
[2020-07-06T14:21:23.839] [14608] [master] [INFO] Master 14608 is running
[2020-07-06T14:21:25.193] [13796] [worker] [INFO] [DB] ready
[2020-07-06T14:24:47.517] [20452] [master] [INFO] Master 20452 is running
[2020-07-06T14:24:48.903] [20732] [worker] [INFO] [DB] ready
[2020-07-06T14:27:36.100] [21412] [master] [INFO] Master 21412 is running
[2020-07-06T14:27:37.407] [20748] [worker] [INFO] [DB] ready
[2020-07-06T14:27:52.521] [21148] [master] [INFO] Master 21148 is running
[2020-07-06T14:27:53.784] [17876] [worker] [INFO] [DB] ready
[2020-07-06T14:31:22.295] [18844] [master] [INFO] Master 18844 is running
[2020-07-06T14:31:23.856] [21224] [worker] [INFO] [DB] ready
[2020-07-06T14:31:53.160] [21036] [master] [INFO] Master 21036 is running
[2020-07-06T14:31:54.478] [16160] [worker] [INFO] [DB] ready
[2020-07-06T14:33:10.962] [1608] [master] [INFO] Master 1608 is running
[2020-07-06T14:33:12.238] [18284] [worker] [INFO] [DB] ready
[2020-07-06T14:33:23.158] [18188] [master] [INFO] Master 18188 is running
[2020-07-06T14:33:24.463] [4380] [worker] [INFO] [DB] ready
[2020-07-06T14:34:29.569] [20488] [master] [INFO] Master 20488 is running
[2020-07-06T14:34:30.894] [21324] [worker] [INFO] [DB] ready
[2020-07-06T14:35:03.933] [21296] [master] [INFO] Master 21296 is running
[2020-07-06T14:35:05.157] [12652] [worker] [INFO] [DB] ready
[2020-07-06T14:36:01.656] [13200] [master] [INFO] Master 13200 is running
[2020-07-06T14:36:03.335] [16388] [worker] [INFO] [DB] ready
[2020-07-06T14:36:35.988] [20888] [master] [INFO] Master 20888 is running
[2020-07-06T14:36:37.240] [1596] [worker] [INFO] [DB] ready
[2020-07-06T14:37:17.499] [20892] [master] [INFO] Master 20892 is running
[2020-07-06T14:37:18.780] [8880] [worker] [INFO] [DB] ready
[2020-07-06T14:37:36.935] [21384] [master] [INFO] Master 21384 is running
[2020-07-06T14:37:38.235] [14608] [worker] [INFO] [DB] ready
[2020-07-06T14:38:24.467] [17312] [master] [INFO] Master 17312 is running
[2020-07-06T14:38:25.738] [19816] [worker] [INFO] [DB] ready
[2020-07-06T14:38:45.504] [21460] [master] [INFO] Master 21460 is running
[2020-07-06T14:38:46.827] [20564] [worker] [INFO] [DB] ready
[2020-07-06T14:38:51.072] [7560] [master] [INFO] Master 7560 is running
[2020-07-06T14:38:52.521] [10732] [worker] [INFO] [DB] ready
[2020-07-06T14:39:06.009] [4560] [master] [INFO] Master 4560 is running
[2020-07-06T14:39:07.370] [16028] [worker] [INFO] [DB] ready
[2020-07-06T14:40:36.179] [20776] [master] [INFO] Master 20776 is running
[2020-07-06T14:40:37.474] [19480] [worker] [INFO] [DB] ready
[2020-07-06T14:40:51.444] [5108] [master] [INFO] Master 5108 is running
[2020-07-06T14:40:52.751] [20664] [worker] [INFO] [DB] ready
[2020-07-06T14:41:06.116] [17468] [master] [INFO] Master 17468 is running
[2020-07-06T14:41:07.382] [3288] [worker] [INFO] [DB] ready
[2020-07-06T14:49:27.401] [20828] [master] [INFO] Master 20828 is running
[2020-07-06T14:49:28.979] [20900] [worker] [INFO] [DB] ready
[2020-07-06T14:52:22.687] [13376] [master] [INFO] Master 13376 is running
[2020-07-06T14:52:23.193] [13376] [master] [INFO] worker 20284 died (1). restarting...
[2020-07-06T14:52:23.712] [13376] [master] [INFO] worker 19212 died (1). restarting...
[2020-07-06T14:52:24.189] [13376] [master] [INFO] worker 17364 died (1). restarting...
[2020-07-06T14:52:24.720] [13376] [master] [INFO] worker 20952 died (1). restarting...
[2020-07-06T14:52:25.267] [13376] [master] [INFO] worker 20696 died (1). restarting...
[2020-07-06T14:52:25.760] [13376] [master] [INFO] worker 19652 died (1). restarting...
[2020-07-06T14:52:26.230] [13376] [master] [INFO] worker 17296 died (1). restarting...
[2020-07-06T14:52:26.687] [13376] [master] [INFO] worker 7500 died (1). restarting...
[2020-07-06T14:52:27.140] [13376] [master] [INFO] worker 21020 died (1). restarting...
[2020-07-06T14:52:27.582] [13376] [master] [INFO] worker 19460 died (1). restarting...
[2020-07-06T14:52:28.031] [13376] [master] [INFO] worker 20484 died (1). restarting...
[2020-07-06T14:52:28.503] [13376] [master] [INFO] worker 19888 died (1). restarting...
[2020-07-06T14:52:29.039] [13376] [master] [INFO] worker 16976 died (1). restarting...
[2020-07-06T14:52:29.544] [13376] [master] [INFO] worker 11828 died (1). restarting...
[2020-07-06T14:52:30.016] [13376] [master] [INFO] worker 18444 died (1). restarting...
[2020-07-06T14:52:30.471] [13376] [master] [INFO] worker 1672 died (1). restarting...
[2020-07-06T14:52:30.933] [13376] [master] [INFO] worker 14588 died (1). restarting...
[2020-07-06T14:52:31.428] [13376] [master] [INFO] worker 20676 died (1). restarting...
[2020-07-06T14:52:31.894] [13376] [master] [INFO] worker 12540 died (1). restarting...
[2020-07-06T14:52:32.348] [13376] [master] [INFO] worker 21400 died (1). restarting...
[2020-07-06T14:52:32.834] [13376] [master] [INFO] worker 1564 died (1). restarting...
[2020-07-06T14:52:33.320] [13376] [master] [INFO] worker 11272 died (1). restarting...
[2020-07-06T14:52:33.813] [13376] [master] [INFO] worker 1624 died (1). restarting...
[2020-07-06T14:52:34.282] [13376] [master] [INFO] worker 20428 died (1). restarting...
[2020-07-06T14:52:34.751] [13376] [master] [INFO] worker 16464 died (1). restarting...
[2020-07-06T14:52:35.219] [13376] [master] [INFO] worker 20884 died (1). restarting...
[2020-07-06T14:52:35.696] [13376] [master] [INFO] worker 20720 died (1). restarting...
[2020-07-06T14:52:36.161] [13376] [master] [INFO] worker 17364 died (1). restarting...
[2020-07-06T14:52:36.634] [13376] [master] [INFO] worker 11676 died (1). restarting...
[2020-07-06T14:52:37.109] [13376] [master] [INFO] worker 21380 died (1). restarting...
[2020-07-06T14:52:37.603] [13376] [master] [INFO] worker 7480 died (1). restarting...
[2020-07-06T14:52:38.108] [13376] [master] [INFO] worker 18188 died (1). restarting...
[2020-07-06T14:52:38.638] [13376] [master] [INFO] worker 16220 died (1). restarting...
[2020-07-06T14:52:39.077] [13376] [master] [INFO] worker 17028 died (1). restarting...
[2020-07-06T14:52:39.569] [13376] [master] [INFO] worker 20516 died (1). restarting...
[2020-07-06T14:52:40.031] [13376] [master] [INFO] worker 15528 died (1). restarting...
[2020-07-06T14:52:40.497] [13376] [master] [INFO] worker 13596 died (1). restarting...
[2020-07-06T14:52:40.969] [13376] [master] [INFO] worker 16460 died (1). restarting...
[2020-07-06T14:52:41.452] [13376] [master] [INFO] worker 19928 died (1). restarting...
[2020-07-06T14:52:41.921] [13376] [master] [INFO] worker 9504 died (1). restarting...
[2020-07-06T14:52:42.366] [13376] [master] [INFO] worker 16484 died (1). restarting...
[2020-07-06T14:52:42.818] [13376] [master] [INFO] worker 20692 died (1). restarting...
[2020-07-06T14:52:43.279] [13376] [master] [INFO] worker 20636 died (1). restarting...
[2020-07-06T14:52:43.756] [13376] [master] [INFO] worker 20088 died (1). restarting...
[2020-07-06T14:52:44.226] [13376] [master] [INFO] worker 476 died (1). restarting...
[2020-07-06T14:52:44.755] [13376] [master] [INFO] worker 19460 died (1). restarting...
[2020-07-06T14:52:45.223] [13376] [master] [INFO] worker 20428 died (1). restarting...
[2020-07-06T14:52:45.676] [13376] [master] [INFO] worker 14572 died (1). restarting...
[2020-07-06T14:52:46.143] [13376] [master] [INFO] worker 19212 died (1). restarting...
[2020-07-06T14:52:46.632] [13376] [master] [INFO] worker 18184 died (1). restarting...
[2020-07-06T14:52:47.114] [13376] [master] [INFO] worker 20716 died (1). restarting...
[2020-07-06T14:52:47.625] [13376] [master] [INFO] worker 20008 died (1). restarting...
[2020-07-06T14:52:48.089] [13376] [master] [INFO] worker 14588 died (1). restarting...
[2020-07-06T14:52:48.575] [13376] [master] [INFO] worker 21440 died (1). restarting...
[2020-07-06T14:52:49.089] [13376] [master] [INFO] worker 20520 died (1). restarting...
[2020-07-06T14:52:49.572] [13376] [master] [INFO] worker 20376 died (1). restarting...
[2020-07-06T14:52:50.114] [13376] [master] [INFO] worker 21228 died (1). restarting...
[2020-07-06T14:52:50.625] [13376] [master] [INFO] worker 17692 died (1). restarting...
[2020-07-06T14:52:51.098] [13376] [master] [INFO] worker 19564 died (1). restarting...
[2020-07-06T14:52:51.607] [13376] [master] [INFO] worker 16372 died (1). restarting...
[2020-07-06T14:52:52.091] [13376] [master] [INFO] worker 19872 died (1). restarting...
[2020-07-06T14:52:52.536] [20688] [master] [INFO] Master 20688 is running
[2020-07-06T14:52:53.063] [20688] [master] [INFO] worker 13800 died (1). restarting...
[2020-07-06T14:52:53.562] [20688] [master] [INFO] worker 1612 died (1). restarting...
[2020-07-06T14:52:54.075] [20688] [master] [INFO] worker 21264 died (1). restarting...
[2020-07-06T14:52:54.572] [20688] [master] [INFO] worker 16220 died (1). restarting...
[2020-07-06T14:52:55.131] [20688] [master] [INFO] worker 11128 died (1). restarting...
[2020-07-06T14:52:55.665] [20688] [master] [INFO] worker 13272 died (1). restarting...
[2020-07-06T14:52:56.181] [20688] [master] [INFO] worker 21320 died (1). restarting...
[2020-07-06T14:52:56.676] [20688] [master] [INFO] worker 18168 died (1). restarting...
[2020-07-06T14:52:57.155] [20688] [master] [INFO] worker 19076 died (1). restarting...
[2020-07-06T14:52:57.676] [20688] [master] [INFO] worker 18172 died (1). restarting...
[2020-07-06T14:52:58.227] [20688] [master] [INFO] worker 21136 died (1). restarting...
[2020-07-06T14:52:58.687] [20688] [master] [INFO] worker 20936 died (1). restarting...
[2020-07-06T14:52:59.144] [20688] [master] [INFO] worker 21468 died (1). restarting...
[2020-07-06T14:52:59.617] [20688] [master] [INFO] worker 14588 died (1). restarting...
[2020-07-06T14:53:00.184] [20688] [master] [INFO] worker 21116 died (1). restarting...
[2020-07-06T14:53:00.644] [20688] [master] [INFO] worker 8376 died (1). restarting...
[2020-07-06T14:53:01.099] [20688] [master] [INFO] worker 2372 died (1). restarting...
[2020-07-06T14:53:01.567] [20688] [master] [INFO] worker 7548 died (1). restarting...
[2020-07-06T14:53:01.999] [20688] [master] [INFO] worker 14740 died (1). restarting...
[2020-07-06T14:53:02.452] [20688] [master] [INFO] worker 19696 died (1). restarting...
[2020-07-06T14:53:02.910] [20688] [master] [INFO] worker 9760 died (1). restarting...
[2020-07-06T14:53:03.368] [20688] [master] [INFO] worker 21368 died (1). restarting...
[2020-07-06T14:53:03.846] [20688] [master] [INFO] worker 19212 died (1). restarting...
[2020-07-06T14:53:04.310] [20688] [master] [INFO] worker 20444 died (1). restarting...
[2020-07-06T14:53:04.753] [20688] [master] [INFO] worker 13068 died (1). restarting...
[2020-07-06T14:53:05.215] [20688] [master] [INFO] worker 16532 died (1). restarting...
[2020-07-06T14:53:05.661] [20688] [master] [INFO] worker 19816 died (1). restarting...
[2020-07-06T14:53:06.121] [20688] [master] [INFO] worker 19768 died (1). restarting...
[2020-07-06T14:53:06.610] [20688] [master] [INFO] worker 20520 died (1). restarting...
[2020-07-06T14:53:07.115] [20688] [master] [INFO] worker 21400 died (1). restarting...
[2020-07-06T14:53:07.672] [20688] [master] [INFO] worker 15724 died (1). restarting...
[2020-07-06T14:53:08.054] [17876] [master] [INFO] Master 17876 is running
[2020-07-06T14:53:08.567] [17876] [master] [INFO] worker 20968 died (1). restarting...
[2020-07-06T14:53:09.086] [17876] [master] [INFO] worker 13264 died (1). restarting...
[2020-07-06T14:53:09.584] [17876] [master] [INFO] worker 20008 died (1). restarting...
[2020-07-06T14:53:10.035] [17876] [master] [INFO] worker 20824 died (1). restarting...
[2020-07-06T14:53:10.497] [17876] [master] [INFO] worker 19816 died (1). restarting...
[2020-07-06T14:53:10.961] [17876] [master] [INFO] worker 18404 died (1). restarting...
[2020-07-06T14:53:11.418] [17876] [master] [INFO] worker 20520 died (1). restarting...
[2020-07-06T14:53:11.895] [17876] [master] [INFO] worker 21400 died (1). restarting...
[2020-07-06T14:53:12.395] [17876] [master] [INFO] worker 20052 died (1). restarting...
[2020-07-06T14:53:12.870] [17876] [master] [INFO] worker 20604 died (1). restarting...
[2020-07-06T14:53:13.338] [17876] [master] [INFO] worker 13756 died (1). restarting...
[2020-07-06T14:53:13.796] [17876] [master] [INFO] worker 15784 died (1). restarting...
[2020-07-06T14:53:14.282] [17876] [master] [INFO] worker 20980 died (1). restarting...
[2020-07-06T14:53:14.782] [17876] [master] [INFO] worker 16268 died (1). restarting...
[2020-07-06T14:53:15.238] [17876] [master] [INFO] worker 20444 died (1). restarting...
[2020-07-06T14:53:15.687] [17876] [master] [INFO] worker 19872 died (1). restarting...
[2020-07-06T14:53:16.208] [17876] [master] [INFO] worker 19580 died (1). restarting...
[2020-07-06T14:53:16.680] [17876] [master] [INFO] worker 13596 died (1). restarting...
[2020-07-06T14:53:17.280] [17876] [master] [INFO] worker 19308 died (1). restarting...
[2020-07-06T14:53:17.860] [17876] [master] [INFO] worker 1608 died (1). restarting...
[2020-07-06T14:53:18.343] [17876] [master] [INFO] worker 19912 died (1). restarting...
[2020-07-06T14:53:18.803] [17876] [master] [INFO] worker 20816 died (1). restarting...
[2020-07-06T14:53:19.289] [17876] [master] [INFO] worker 18512 died (1). restarting...
[2020-07-06T14:53:19.790] [17876] [master] [INFO] worker 20732 died (1). restarting...
[2020-07-06T14:53:20.274] [17876] [master] [INFO] worker 15924 died (1). restarting...
[2020-07-06T14:53:20.738] [17876] [master] [INFO] worker 21048 died (1). restarting...
[2020-07-06T14:53:21.277] [17876] [master] [INFO] worker 7864 died (1). restarting...
[2020-07-06T14:53:21.845] [17876] [master] [INFO] worker 10356 died (1). restarting...
[2020-07-06T14:53:22.298] [17876] [master] [INFO] worker 20808 died (1). restarting...
[2020-07-06T14:53:22.766] [17876] [master] [INFO] worker 17596 died (1). restarting...
[2020-07-06T14:53:23.221] [17876] [master] [INFO] worker 17584 died (1). restarting...
[2020-07-06T14:53:23.732] [17876] [master] [INFO] worker 10100 died (1). restarting...
[2020-07-06T14:53:24.229] [17876] [master] [INFO] worker 4880 died (1). restarting...
[2020-07-06T14:53:24.682] [17876] [master] [INFO] worker 13912 died (1). restarting...
[2020-07-06T14:53:25.139] [17876] [master] [INFO] worker 16184 died (1). restarting...
[2020-07-06T14:53:25.604] [17876] [master] [INFO] worker 21364 died (1). restarting...
[2020-07-06T14:53:26.059] [17876] [master] [INFO] worker 4216 died (1). restarting...
[2020-07-06T14:53:26.530] [17876] [master] [INFO] worker 20676 died (1). restarting...
[2020-07-06T14:53:26.990] [17876] [master] [INFO] worker 13264 died (1). restarting...
[2020-07-06T14:53:27.457] [17876] [master] [INFO] worker 2376 died (1). restarting...
[2020-07-06T14:53:27.899] [17876] [master] [INFO] worker 1612 died (1). restarting...
[2020-07-06T14:53:28.355] [17876] [master] [INFO] worker 3112 died (1). restarting...
[2020-07-06T14:53:28.812] [17876] [master] [INFO] worker 20808 died (1). restarting...
[2020-07-06T14:53:29.271] [17876] [master] [INFO] worker 2372 died (1). restarting...
[2020-07-06T14:53:29.716] [17876] [master] [INFO] worker 13500 died (1). restarting...
[2020-07-06T14:53:30.201] [17876] [master] [INFO] worker 4472 died (1). restarting...
[2020-07-06T14:53:30.656] [17876] [master] [INFO] worker 15516 died (1). restarting...
[2020-07-06T14:53:31.120] [17876] [master] [INFO] worker 16156 died (1). restarting...
[2020-07-06T14:53:31.598] [17876] [master] [INFO] worker 21472 died (1). restarting...
[2020-07-06T14:53:32.096] [17876] [master] [INFO] worker 14572 died (1). restarting...
[2020-07-06T14:53:32.641] [17876] [master] [INFO] worker 19652 died (1). restarting...
[2020-07-06T14:53:33.146] [17876] [master] [INFO] worker 13536 died (1). restarting...
[2020-07-06T14:53:33.612] [17876] [master] [INFO] worker 8444 died (1). restarting...
[2020-07-06T14:53:34.093] [17876] [master] [INFO] worker 21496 died (1). restarting...
[2020-07-06T14:53:34.804] [20428] [master] [INFO] Master 20428 is running
[2020-07-06T14:53:36.141] [20364] [worker] [INFO] [DB] ready
[2020-07-06T14:54:54.724] [21340] [master] [INFO] Master 21340 is running
[2020-07-06T14:54:55.997] [21468] [worker] [INFO] [DB] ready
[2020-07-06T14:56:45.545] [3212] [master] [INFO] Master 3212 is running
[2020-07-06T14:56:46.884] [3052] [worker] [INFO] [DB] ready
[2020-07-06T14:56:49.125] [3052] [worker] [DEBUG] [DB] Connection 35 acquired
[2020-07-06T14:57:22.036] [15516] [master] [INFO] Master 15516 is running
[2020-07-06T14:57:23.458] [20228] [worker] [INFO] [DB] ready
[2020-07-06T14:57:25.835] [20228] [worker] [DEBUG] [DB] Connection 36 acquired
[2020-07-06T14:57:43.213] [7800] [master] [INFO] Master 7800 is running
[2020-07-06T14:57:44.566] [1564] [worker] [INFO] [DB] ready
[2020-07-06T14:57:45.017] [1564] [worker] [DEBUG] [DB] Connection 37 acquired
[2020-07-06T14:58:12.686] [3796] [master] [INFO] Master 3796 is running
[2020-07-06T14:58:14.077] [3680] [worker] [INFO] [DB] ready
[2020-07-06T14:58:14.504] [3680] [worker] [DEBUG] [DB] Connection 38 acquired
[2020-07-06T14:58:14.506] [3680] [worker] [ERROR] Error: Unknown column 'username' in 'where clause'
    at PromisePoolConnection.query (D:\vscode\STARTER\koa-starter\node_modules\mysql2\promise.js:92:22)
    at Db.query (D:\vscode\STARTER\koa-starter\lib\db.js:105:35)
    at login (D:\vscode\STARTER\koa-starter\controller\user\auth.js:8:39)
    at processTicksAndRejections (internal/process/task_queues.js:97:5)
    at async D:\vscode\STARTER\koa-starter\middleware\accessLog.js:7:5
    at async serve (D:\vscode\STARTER\koa-starter\node_modules\koa-static\index.js:53:9)
    at async cors (D:\vscode\STARTER\koa-starter\node_modules\koa2-cors\dist\index.js:91:9)
    at async bodyParser (D:\vscode\STARTER\koa-starter\node_modules\koa-bodyparser\index.js:95:5) {
  code: 'ER_BAD_FIELD_ERROR',
  errno: 1054,
  sqlState: '42S22',
  sqlMessage: "Unknown column 'username' in 'where clause'"
}
[2020-07-06T14:58:50.832] [3680] [worker] [DEBUG] [DB] Connection 39 connection
[2020-07-06T14:58:50.832] [3680] [worker] [DEBUG] [DB] Connection 39 acquired
[2020-07-06T15:00:57.582] [4792] [master] [INFO] Master 4792 is running
[2020-07-06T15:00:58.950] [20476] [worker] [INFO] [DB] ready
[2020-07-06T15:01:01.475] [20476] [worker] [DEBUG] [DB] Connection 40 acquired
[2020-07-06T15:01:04.355] [20476] [worker] [DEBUG] [DB] Connection 41 connection
[2020-07-06T15:01:04.355] [20476] [worker] [DEBUG] [DB] Connection 41 acquired
[2020-07-06T15:01:20.537] [18360] [master] [INFO] Master 18360 is running
[2020-07-06T15:01:21.943] [19656] [worker] [INFO] [DB] ready
[2020-07-06T15:01:22.235] [19656] [worker] [DEBUG] [DB] Connection 42 acquired
[2020-07-06T15:03:51.337] [16108] [master] [INFO] Master 16108 is running
[2020-07-06T15:03:52.666] [19888] [worker] [INFO] [DB] ready
[2020-07-06T15:14:30.892] [4880] [master] [INFO] Master 4880 is running
[2020-07-06T15:14:33.136] [20108] [worker] [INFO] [DB] ready
[2020-07-06T15:16:57.861] [22372] [master] [INFO] Master 22372 is running
[2020-07-06T15:16:59.291] [16424] [worker] [INFO] [DB] ready
[2020-07-06T15:26:22.324] [19372] [master] [INFO] Master 19372 is running
[2020-07-06T15:26:23.850] [17732] [worker] [INFO] [DB] ready
[2020-07-06T15:26:35.443] [20640] [master] [INFO] Master 20640 is running
[2020-07-06T15:26:36.839] [16444] [worker] [INFO] [DB] ready
[2020-07-06T15:27:27.459] [14432] [master] [INFO] Master 14432 is running
[2020-07-06T15:27:28.834] [21216] [worker] [INFO] [DB] ready
[2020-07-06T15:27:32.564] [21216] [worker] [DEBUG] [DB] Connection 48 acquired
[2020-07-06T15:27:45.146] [21216] [worker] [DEBUG] [DB] Connection 49 connection
[2020-07-06T15:27:45.146] [21216] [worker] [DEBUG] [DB] Connection 49 acquired
[2020-07-06T15:27:45.148] [21216] [worker] [ERROR] ReferenceError: users is not defined
    at login (D:\vscode\STARTER\koa-starter\controller\user\auth.js:12:74)
    at processTicksAndRejections (internal/process/task_queues.js:97:5)
    at async D:\vscode\STARTER\koa-starter\middleware\accessLog.js:7:5
    at async serve (D:\vscode\STARTER\koa-starter\node_modules\koa-static\index.js:53:9)
    at async cors (D:\vscode\STARTER\koa-starter\node_modules\koa2-cors\dist\index.js:91:9)
    at async bodyParser (D:\vscode\STARTER\koa-starter\node_modules\koa-bodyparser\index.js:95:5)
[2020-07-06T15:27:56.226] [15596] [master] [INFO] Master 15596 is running
[2020-07-06T15:27:57.585] [13488] [worker] [INFO] [DB] ready
[2020-07-06T15:27:58.422] [13488] [worker] [DEBUG] [DB] Connection 50 acquired
[2020-07-06T15:32:20.253] [13488] [worker] [DEBUG] [DB] Connection 51 connection
[2020-07-06T15:32:20.253] [13488] [worker] [DEBUG] [DB] Connection 51 acquired
[2020-07-06T15:58:49.359] [20936] [master] [INFO] Master 20936 is running
[2020-07-06T15:58:50.805] [20936] [master] [INFO] worker 21472 died (1). restarting...
[2020-07-06T15:58:51.490] [20936] [master] [INFO] worker 10228 died (1). restarting...
[2020-07-06T15:58:52.207] [20936] [master] [INFO] worker 19548 died (1). restarting...
[2020-07-06T15:58:52.947] [20936] [master] [INFO] worker 14700 died (1). restarting...
[2020-07-06T15:58:53.691] [20936] [master] [INFO] worker 5920 died (1). restarting...
[2020-07-06T15:58:54.401] [20936] [master] [INFO] worker 15000 died (1). restarting...
[2020-07-06T15:58:55.101] [20936] [master] [INFO] worker 12076 died (1). restarting...
[2020-07-06T15:58:55.837] [20936] [master] [INFO] worker 2704 died (1). restarting...
[2020-07-06T15:58:56.520] [20936] [master] [INFO] worker 15924 died (1). restarting...
[2020-07-06T15:58:57.183] [20936] [master] [INFO] worker 21560 died (1). restarting...
[2020-07-06T15:58:57.893] [20936] [master] [INFO] worker 23460 died (1). restarting...
[2020-07-06T15:58:58.603] [20936] [master] [INFO] worker 3052 died (1). restarting...
[2020-07-06T15:58:59.303] [20936] [master] [INFO] worker 22636 died (1). restarting...
[2020-07-06T15:59:00.014] [20936] [master] [INFO] worker 12960 died (1). restarting...
[2020-07-06T15:59:00.753] [20936] [master] [INFO] worker 21584 died (1). restarting...
[2020-07-06T15:59:01.501] [20936] [master] [INFO] worker 22724 died (1). restarting...
[2020-07-06T15:59:02.230] [20936] [master] [INFO] worker 21452 died (1). restarting...
[2020-07-06T15:59:02.963] [20936] [master] [INFO] worker 21208 died (1). restarting...
[2020-07-06T15:59:03.734] [20936] [master] [INFO] worker 20736 died (1). restarting...
[2020-07-06T15:59:04.464] [20936] [master] [INFO] worker 22560 died (1). restarting...
[2020-07-06T15:59:05.180] [20936] [master] [INFO] worker 16744 died (1). restarting...
[2020-07-06T15:59:05.905] [20936] [master] [INFO] worker 14700 died (1). restarting...
[2020-07-06T15:59:06.594] [20936] [master] [INFO] worker 22328 died (1). restarting...
[2020-07-06T16:01:08.041] [20892] [master] [INFO] Master 20892 is running
[2020-07-06T16:01:08.741] [20892] [master] [INFO] worker 16856 died (1). restarting...
[2020-07-06T16:01:09.431] [20892] [master] [INFO] worker 5232 died (1). restarting...
[2020-07-06T16:01:10.128] [20892] [master] [INFO] worker 18500 died (1). restarting...
[2020-07-06T16:01:10.843] [20892] [master] [INFO] worker 14104 died (1). restarting...
[2020-07-06T16:01:11.581] [20892] [master] [INFO] worker 20832 died (1). restarting...
[2020-07-06T16:01:12.270] [20892] [master] [INFO] worker 15164 died (1). restarting...
[2020-07-06T16:01:13.053] [20892] [master] [INFO] worker 18496 died (1). restarting...
[2020-07-06T16:01:13.724] [20892] [master] [INFO] worker 8224 died (1). restarting...
[2020-07-06T16:01:14.409] [20892] [master] [INFO] worker 19876 died (1). restarting...
[2020-07-06T16:01:15.109] [20892] [master] [INFO] worker 23268 died (1). restarting...
[2020-07-06T16:01:15.827] [20892] [master] [INFO] worker 14676 died (1). restarting...
[2020-07-06T16:01:16.566] [20892] [master] [INFO] worker 21172 died (1). restarting...
[2020-07-06T16:01:17.291] [20892] [master] [INFO] worker 21180 died (1). restarting...
[2020-07-06T16:01:17.991] [20892] [master] [INFO] worker 236 died (1). restarting...
[2020-07-06T16:01:18.725] [20892] [master] [INFO] worker 16104 died (1). restarting...
[2020-07-06T16:01:19.475] [20892] [master] [INFO] worker 15676 died (1). restarting...
[2020-07-06T16:01:20.230] [20892] [master] [INFO] worker 16308 died (1). restarting...
[2020-07-06T16:01:21.101] [20892] [master] [INFO] worker 15100 died (1). restarting...
[2020-07-06T16:01:21.810] [20892] [master] [INFO] worker 14988 died (1). restarting...
[2020-07-06T16:01:22.517] [20892] [master] [INFO] worker 19508 died (1). restarting...
[2020-07-06T16:01:23.212] [20892] [master] [INFO] worker 15148 died (1). restarting...
[2020-07-06T16:01:23.939] [20892] [master] [INFO] worker 23536 died (1). restarting...
[2020-07-06T16:01:24.760] [20892] [master] [INFO] worker 14984 died (1). restarting...
[2020-07-06T16:36:34.527] [15480] [master] [INFO] Master 15480 is running
[2020-07-06T16:36:36.006] [15480] [master] [INFO] worker 23268 died (1). restarting...
[2020-07-06T16:36:36.666] [15480] [master] [INFO] worker 20728 died (1). restarting...
[2020-07-06T16:36:37.362] [15480] [master] [INFO] worker 21548 died (1). restarting...
[2020-07-06T16:36:38.050] [15480] [master] [INFO] worker 15788 died (1). restarting...
[2020-07-06T16:36:38.731] [15480] [master] [INFO] worker 17324 died (1). restarting...
[2020-07-06T16:36:39.416] [15480] [master] [INFO] worker 20060 died (1). restarting...
[2020-07-06T16:36:40.093] [15480] [master] [INFO] worker 14944 died (1). restarting...
[2020-07-06T16:36:40.780] [15480] [master] [INFO] worker 12160 died (1). restarting...
[2020-07-06T16:36:41.453] [15480] [master] [INFO] worker 21440 died (1). restarting...
[2020-07-06T16:36:42.145] [15480] [master] [INFO] worker 16088 died (1). restarting...
[2020-07-06T16:36:42.879] [15480] [master] [INFO] worker 3552 died (1). restarting...
[2020-07-06T16:36:43.618] [15480] [master] [INFO] worker 21332 died (1). restarting...
[2020-07-06T16:36:44.420] [15480] [master] [INFO] worker 19560 died (1). restarting...
[2020-07-06T16:36:45.299] [15480] [master] [INFO] worker 4320 died (1). restarting...
[2020-07-06T16:36:46.118] [15480] [master] [INFO] worker 21576 died (1). restarting...
[2020-07-06T16:36:47.050] [15480] [master] [INFO] worker 10828 died (1). restarting...
[2020-07-06T16:36:47.935] [15480] [master] [INFO] worker 21844 died (1). restarting...
[2020-07-06T16:36:48.646] [15480] [master] [INFO] worker 5348 died (1). restarting...
[2020-07-06T16:36:49.396] [15480] [master] [INFO] worker 19512 died (1). restarting...
[2020-07-06T16:36:50.177] [15480] [master] [INFO] worker 12496 died (1). restarting...
[2020-07-06T16:36:50.999] [15480] [master] [INFO] worker 7416 died (1). restarting...
[2020-07-06T16:36:51.804] [15480] [master] [INFO] worker 20732 died (1). restarting...
[2020-07-06T16:36:52.528] [15480] [master] [INFO] worker 21888 died (1). restarting...
[2020-07-06T16:36:53.208] [15480] [master] [INFO] worker 1860 died (1). restarting...
[2020-07-06T16:38:56.455] [7416] [master] [INFO] Master 7416 is running
[2020-07-06T16:38:57.165] [7416] [master] [INFO] worker 12396 died (1). restarting...
[2020-07-06T16:38:57.855] [7416] [master] [INFO] worker 16116 died (1). restarting...
[2020-07-06T16:38:58.569] [7416] [master] [INFO] worker 20632 died (1). restarting...
[2020-07-06T16:38:59.269] [7416] [master] [INFO] worker 23116 died (1). restarting...
[2020-07-06T16:38:59.958] [7416] [master] [INFO] worker 17280 died (1). restarting...
[2020-07-06T16:39:00.772] [7416] [master] [INFO] worker 2348 died (1). restarting...
[2020-07-06T16:39:01.508] [7416] [master] [INFO] worker 10852 died (1). restarting...
[2020-07-06T16:39:02.199] [7416] [master] [INFO] worker 10196 died (1). restarting...
[2020-07-06T16:39:02.978] [7416] [master] [INFO] worker 19740 died (1). restarting...
[2020-07-06T16:39:03.778] [7416] [master] [INFO] worker 22188 died (1). restarting...
[2020-07-06T16:39:04.519] [7416] [master] [INFO] worker 19876 died (1). restarting...
[2020-07-06T16:39:05.252] [7416] [master] [INFO] worker 22808 died (1). restarting...
[2020-07-06T16:49:15.716] [7600] [master] [INFO] Master 7600 is running
[2020-07-06T16:49:17.247] [21724] [worker] [INFO] [Redis] ready
[2020-07-06T16:49:17.268] [21724] [worker] [INFO] [DB] ready
[2020-07-06T16:49:22.728] [19952] [master] [INFO] Master 19952 is running
[2020-07-06T16:49:24.080] [16632] [worker] [INFO] [DB] ready
[2020-07-06T16:49:27.510] [16632] [worker] [INFO] [Redis] ready
[2020-07-06T16:50:45.808] [16632] [worker] [DEBUG] [DB] Connection 53 acquired
[2020-07-06T16:50:45.818] [16632] [worker] [ERROR] TypeError: Cannot read property 'jwt' of undefined
    at login (D:\vscode\STARTER\koa-starter\controller\user\auth.js:18:40)
    at processTicksAndRejections (internal/process/task_queues.js:97:5)
    at async D:\vscode\STARTER\koa-starter\middleware\accessLog.js:7:5
    at async serve (D:\vscode\STARTER\koa-starter\node_modules\koa-static\index.js:53:9)
    at async cors (D:\vscode\STARTER\koa-starter\node_modules\koa2-cors\dist\index.js:91:9)
    at async bodyParser (D:\vscode\STARTER\koa-starter\node_modules\koa-bodyparser\index.js:95:5)
[2020-07-06T16:52:29.742] [5052] [master] [INFO] Master 5052 is running
[2020-07-06T16:52:31.437] [20284] [master] [INFO] Master 20284 is running
[2020-07-06T16:52:32.919] [23284] [worker] [INFO] [Redis] ready
[2020-07-06T16:52:32.949] [23284] [worker] [INFO] [DB] ready
[2020-07-06T16:52:34.962] [23284] [worker] [DEBUG] [DB] Connection 54 acquired
[2020-07-06T16:52:34.970] [23284] [worker] [ERROR] TypeError: Cannot read property 'jwt' of undefined
    at login (D:\vscode\STARTER\koa-starter\controller\user\auth.js:19:40)
    at processTicksAndRejections (internal/process/task_queues.js:97:5)
    at async D:\vscode\STARTER\koa-starter\middleware\accessLog.js:7:5
    at async serve (D:\vscode\STARTER\koa-starter\node_modules\koa-static\index.js:53:9)
    at async cors (D:\vscode\STARTER\koa-starter\node_modules\koa2-cors\dist\index.js:91:9)
    at async bodyParser (D:\vscode\STARTER\koa-starter\node_modules\koa-bodyparser\index.js:95:5)
[2020-07-06T16:53:25.460] [22984] [master] [INFO] Master 22984 is running
[2020-07-06T16:53:26.940] [19740] [worker] [INFO] [Redis] ready
[2020-07-06T16:53:26.950] [19740] [worker] [INFO] [DB] ready
[2020-07-06T16:54:01.607] [2964] [master] [INFO] Master 2964 is running
[2020-07-06T16:54:03.030] [11092] [worker] [INFO] [Redis] ready
[2020-07-06T16:54:03.038] [11092] [worker] [INFO] [DB] ready
[2020-07-06T16:54:06.384] [11092] [worker] [DEBUG] [DB] Connection 56 acquired
[2020-07-06T16:54:06.392] [11092] [worker] [ERROR] TypeError: Cannot read property 'jwt' of undefined
    at login (D:\vscode\STARTER\koa-starter\controller\user\auth.js:19:40)
    at processTicksAndRejections (internal/process/task_queues.js:97:5)
    at async D:\vscode\STARTER\koa-starter\middleware\accessLog.js:7:5
    at async serve (D:\vscode\STARTER\koa-starter\node_modules\koa-static\index.js:53:9)
    at async cors (D:\vscode\STARTER\koa-starter\node_modules\koa2-cors\dist\index.js:91:9)
    at async bodyParser (D:\vscode\STARTER\koa-starter\node_modules\koa-bodyparser\index.js:95:5)
[2020-07-06T16:56:27.934] [23244] [master] [INFO] Master 23244 is running
[2020-07-06T16:56:29.318] [20624] [worker] [INFO] [Redis] ready
[2020-07-06T16:56:29.329] [20624] [worker] [INFO] [DB] ready
[2020-07-06T16:56:42.302] [19556] [master] [INFO] Master 19556 is running
[2020-07-06T16:56:43.771] [21644] [worker] [INFO] [Redis] ready
[2020-07-06T16:56:43.780] [21644] [worker] [INFO] [DB] ready
[2020-07-06T16:56:45.833] [21644] [worker] [DEBUG] [DB] Connection 58 acquired
[2020-07-06T16:56:45.842] [21644] [worker] [ERROR] TypeError: Cannot read property 'jwt' of undefined
    at login (D:\vscode\STARTER\koa-starter\controller\user\auth.js:20:40)
    at processTicksAndRejections (internal/process/task_queues.js:97:5)
    at async D:\vscode\STARTER\koa-starter\middleware\accessLog.js:7:5
    at async serve (D:\vscode\STARTER\koa-starter\node_modules\koa-static\index.js:53:9)
    at async cors (D:\vscode\STARTER\koa-starter\node_modules\koa2-cors\dist\index.js:91:9)
    at async bodyParser (D:\vscode\STARTER\koa-starter\node_modules\koa-bodyparser\index.js:95:5)
[2020-07-06T16:57:25.233] [22272] [master] [INFO] Master 22272 is running
[2020-07-06T16:57:26.618] [20408] [worker] [INFO] [Redis] ready
[2020-07-06T16:57:26.652] [20408] [worker] [INFO] [DB] ready
[2020-07-06T16:57:28.087] [20408] [worker] [DEBUG] [DB] Connection 59 acquired
[2020-07-06T16:57:28.096] [20408] [worker] [ERROR] TypeError: Cannot read property 'jwt' of undefined
    at login (D:\vscode\STARTER\koa-starter\controller\user\auth.js:20:40)
    at processTicksAndRejections (internal/process/task_queues.js:97:5)
    at async D:\vscode\STARTER\koa-starter\middleware\accessLog.js:7:5
    at async serve (D:\vscode\STARTER\koa-starter\node_modules\koa-static\index.js:53:9)
    at async cors (D:\vscode\STARTER\koa-starter\node_modules\koa2-cors\dist\index.js:91:9)
    at async bodyParser (D:\vscode\STARTER\koa-starter\node_modules\koa-bodyparser\index.js:95:5)
[2020-07-06T16:57:55.781] [4644] [master] [INFO] Master 4644 is running
[2020-07-06T16:57:57.280] [8224] [worker] [INFO] [Redis] ready
[2020-07-06T16:57:57.289] [8224] [worker] [INFO] [DB] ready
[2020-07-06T16:58:02.142] [17708] [master] [INFO] Master 17708 is running
[2020-07-06T16:58:03.512] [20524] [worker] [INFO] [Redis] ready
[2020-07-06T16:58:03.560] [20524] [worker] [INFO] [DB] ready
[2020-07-07T10:15:53.782] [17708] [master] [INFO] worker 20524 died (3221225786). restarting...
[2020-07-07T10:15:57.348] [18500] [worker] [INFO] [Redis] ready
[2020-07-07T10:15:57.439] [18500] [worker] [INFO] [DB] ready
[2020-07-07T10:15:59.138] [6164] [master] [INFO] Master 6164 is running
[2020-07-07T10:16:00.807] [23152] [worker] [INFO] [Redis] ready
[2020-07-07T10:16:00.818] [23152] [worker] [INFO] [DB] ready
[2020-07-07T11:02:13.148] [16712] [master] [INFO] Master 16712 is running
[2020-07-07T11:02:18.239] [17388] [worker] [INFO] [Redis] ready
[2020-07-07T11:02:18.483] [17388] [worker] [INFO] [DB] ready
[2020-07-07T11:03:30.344] [17388] [worker] [DEBUG] [DB] Connection 8 acquired
[2020-07-07T11:03:30.661] [17388] [worker] [ERROR] TypeError: Cannot read property 'jwt' of undefined
    at login (D:\vscode\STARTER\koa-starter\controller\user\auth.js:17:40)
    at processTicksAndRejections (internal/process/task_queues.js:97:5)
    at async D:\vscode\STARTER\koa-starter\middleware\accessLog.js:7:5
    at async serve (D:\vscode\STARTER\koa-starter\node_modules\koa-static\index.js:53:9)
    at async cors (D:\vscode\STARTER\koa-starter\node_modules\koa2-cors\dist\index.js:91:9)
    at async bodyParser (D:\vscode\STARTER\koa-starter\node_modules\koa-bodyparser\index.js:95:5)
[2020-07-07T11:06:22.347] [16660] [master] [INFO] Master 16660 is running
[2020-07-07T11:06:24.866] [16752] [worker] [INFO] [Redis] ready
[2020-07-07T11:06:24.898] [16752] [worker] [INFO] [DB] ready
[2020-07-07T11:06:26.840] [16752] [worker] [DEBUG] [DB] Connection 9 acquired
[2020-07-07T11:09:01.665] [16752] [worker] [DEBUG] [DB] Connection 10 connection
[2020-07-07T11:09:01.666] [16752] [worker] [DEBUG] [DB] Connection 10 acquired
[2020-07-07T11:15:23.077] [1268] [master] [INFO] Master 1268 is running
[2020-07-07T11:15:25.556] [17256] [worker] [INFO] [Redis] ready
[2020-07-07T11:15:25.574] [17256] [worker] [INFO] [DB] ready
[2020-07-07T11:16:26.401] [17256] [worker] [DEBUG] [DB] Connection 11 acquired
[2020-07-07T11:16:35.474] [17256] [worker] [DEBUG] [DB] Connection 12 connection
[2020-07-07T11:16:35.474] [17256] [worker] [DEBUG] [DB] Connection 12 acquired
[2020-07-07T11:19:58.538] [17256] [worker] [DEBUG] [DB] Connection 13 connection
[2020-07-07T11:19:58.538] [17256] [worker] [DEBUG] [DB] Connection 13 acquired
[2020-07-07T11:20:09.027] [17256] [worker] [DEBUG] [DB] Connection 14 connection
[2020-07-07T11:20:09.028] [17256] [worker] [DEBUG] [DB] Connection 14 acquired
[2020-07-07T11:20:17.384] [17256] [worker] [DEBUG] [DB] Connection 15 connection
[2020-07-07T11:20:17.384] [17256] [worker] [DEBUG] [DB] Connection 15 acquired
[2020-07-07T11:20:18.227] [17256] [worker] [DEBUG] [DB] Connection 16 connection
[2020-07-07T11:20:18.228] [17256] [worker] [DEBUG] [DB] Connection 16 acquired
[2020-07-07T11:21:21.331] [17256] [worker] [DEBUG] [DB] Connection 17 connection
[2020-07-07T11:21:21.331] [17256] [worker] [DEBUG] [DB] Connection 17 acquired
[2020-07-07T11:25:30.351] [17256] [worker] [DEBUG] [DB] Connection 18 connection
[2020-07-07T11:25:30.351] [17256] [worker] [DEBUG] [DB] Connection 18 acquired
[2020-07-07T11:36:40.737] [17976] [master] [INFO] Master 17976 is running
[2020-07-07T11:36:42.173] [4904] [worker] [INFO] [Redis] ready
[2020-07-07T11:36:42.204] [4904] [worker] [INFO] [DB] ready
[2020-07-07T11:37:59.469] [4904] [worker] [DEBUG] [DB] Connection 19 acquired
[2020-07-07T11:38:40.480] [6288] [master] [INFO] Master 6288 is running
[2020-07-07T11:38:41.915] [6412] [worker] [INFO] [Redis] ready
[2020-07-07T11:38:41.924] [6412] [worker] [INFO] [DB] ready
[2020-07-07T11:39:00.492] [7268] [master] [INFO] Master 7268 is running
[2020-07-07T11:39:01.962] [17732] [worker] [INFO] [Redis] ready
[2020-07-07T11:39:01.992] [17732] [worker] [INFO] [DB] ready
[2020-07-07T11:39:17.516] [17812] [master] [INFO] Master 17812 is running
[2020-07-07T11:39:18.015] [17812] [master] [INFO] worker 14548 died (1). restarting...
[2020-07-07T11:39:18.499] [17812] [master] [INFO] worker 18388 died (1). restarting...
[2020-07-07T11:39:18.984] [17812] [master] [INFO] worker 4536 died (1). restarting...
[2020-07-07T11:39:19.492] [17812] [master] [INFO] worker 17788 died (1). restarting...
[2020-07-07T11:39:20.224] [3432] [master] [INFO] Master 3432 is running
[2020-07-07T11:39:21.517] [4576] [worker] [INFO] [Redis] ready
[2020-07-07T11:39:21.547] [4576] [worker] [INFO] [DB] ready
[2020-07-07T11:40:51.039] [16212] [master] [INFO] Master 16212 is running
[2020-07-07T11:40:52.409] [3988] [worker] [INFO] [Redis] ready
[2020-07-07T11:40:52.439] [3988] [worker] [INFO] [DB] ready
[2020-07-07T12:56:34.849] [13436] [master] [INFO] Master 13436 is running
[2020-07-07T12:56:36.561] [13436] [master] [INFO] worker 19420 died (1). restarting...
[2020-07-07T12:56:37.361] [13436] [master] [INFO] worker 20316 died (1). restarting...
[2020-07-07T12:56:38.155] [13436] [master] [INFO] worker 12048 died (1). restarting...
[2020-07-07T12:56:38.983] [13436] [master] [INFO] worker 20180 died (1). restarting...
[2020-07-07T12:56:39.757] [13436] [master] [INFO] worker 16816 died (1). restarting...
[2020-07-07T12:56:40.528] [13436] [master] [INFO] worker 17736 died (1). restarting...
[2020-07-07T12:56:41.288] [13436] [master] [INFO] worker 15644 died (1). restarting...
[2020-07-07T12:56:42.125] [13436] [master] [INFO] worker 17228 died (1). restarting...
[2020-07-07T12:56:42.955] [13436] [master] [INFO] worker 13440 died (1). restarting...
[2020-07-07T12:56:43.721] [13436] [master] [INFO] worker 19412 died (1). restarting...
[2020-07-07T12:56:44.447] [13436] [master] [INFO] worker 19292 died (1). restarting...
[2020-07-07T12:56:45.292] [13436] [master] [INFO] worker 16980 died (1). restarting...
[2020-07-07T12:56:46.099] [13436] [master] [INFO] worker 17812 died (1). restarting...
[2020-07-07T12:56:47.019] [13436] [master] [INFO] worker 15312 died (1). restarting...
[2020-07-07T12:56:47.835] [13436] [master] [INFO] worker 19832 died (1). restarting...
[2020-07-07T12:56:48.592] [13436] [master] [INFO] worker 6624 died (1). restarting...
[2020-07-07T12:56:49.358] [13436] [master] [INFO] worker 14048 died (1). restarting...
[2020-07-07T12:56:50.101] [13436] [master] [INFO] worker 1264 died (1). restarting...
[2020-07-07T12:56:50.950] [13436] [master] [INFO] worker 19080 died (1). restarting...
[2020-07-07T12:56:51.809] [13436] [master] [INFO] worker 19556 died (1). restarting...
[2020-07-07T12:56:52.556] [13436] [master] [INFO] worker 17436 died (1). restarting...
[2020-07-07T12:56:53.313] [13436] [master] [INFO] worker 19380 died (1). restarting...
[2020-07-07T12:56:54.068] [13436] [master] [INFO] worker 17692 died (1). restarting...
[2020-07-07T12:56:54.819] [13436] [master] [INFO] worker 19320 died (1). restarting...
[2020-07-07T12:56:55.583] [13436] [master] [INFO] worker 5108 died (1). restarting...
[2020-07-07T12:56:56.373] [13436] [master] [INFO] worker 19372 died (1). restarting...
[2020-07-07T12:56:57.178] [13436] [master] [INFO] worker 18292 died (1). restarting...
[2020-07-07T12:56:58.026] [13436] [master] [INFO] worker 6236 died (1). restarting...
[2020-07-07T12:56:58.877] [13436] [master] [INFO] worker 16892 died (1). restarting...
[2020-07-07T12:56:59.710] [13436] [master] [INFO] worker 10976 died (1). restarting...
[2020-07-07T12:57:00.552] [13436] [master] [INFO] worker 17636 died (1). restarting...
[2020-07-07T12:57:01.337] [13436] [master] [INFO] worker 11604 died (1). restarting...
[2020-07-07T12:57:02.153] [13436] [master] [INFO] worker 14448 died (1). restarting...
[2020-07-07T12:57:02.974] [13436] [master] [INFO] worker 15384 died (1). restarting...
[2020-07-07T12:57:03.795] [13436] [master] [INFO] worker 18020 died (1). restarting...
[2020-07-07T12:57:04.603] [13436] [master] [INFO] worker 17952 died (1). restarting...
[2020-07-07T12:57:05.453] [13436] [master] [INFO] worker 16776 died (1). restarting...
[2020-07-07T12:57:06.130] [15288] [master] [INFO] Master 15288 is running
[2020-07-07T12:57:07.714] [18268] [worker] [INFO] [Redis] ready
[2020-07-07T12:57:07.733] [18268] [worker] [INFO] [DB] ready
[2020-07-07T12:57:14.874] [15552] [master] [INFO] Master 15552 is running
[2020-07-07T12:57:16.207] [18820] [worker] [INFO] [Redis] ready
[2020-07-07T12:57:16.237] [18820] [worker] [INFO] [DB] ready
[2020-07-07T12:58:03.304] [20204] [master] [INFO] Master 20204 is running
[2020-07-07T12:58:04.768] [9780] [worker] [INFO] [Redis] ready
[2020-07-07T12:58:04.815] [9780] [worker] [INFO] [DB] ready
[2020-07-07T13:02:10.274] [18052] [master] [INFO] Master 18052 is running
[2020-07-07T13:02:11.691] [16508] [worker] [INFO] [Redis] ready
[2020-07-07T13:02:11.723] [16508] [worker] [INFO] [DB] ready
[2020-07-07T13:04:01.477] [1860] [master] [INFO] Master 1860 is running
[2020-07-07T13:04:02.877] [16128] [worker] [INFO] [Redis] ready
[2020-07-07T13:04:02.887] [16128] [worker] [INFO] [DB] ready
[2020-07-07T14:33:35.501] [17712] [master] [INFO] Master 17712 is running
[2020-07-07T14:33:37.066] [17544] [worker] [INFO] [Redis] ready
[2020-07-07T14:33:37.075] [17544] [worker] [INFO] [DB] ready
[2020-07-07T14:34:33.572] [2520] [master] [INFO] Master 2520 is running
[2020-07-07T14:34:35.056] [21084] [worker] [INFO] [Redis] ready
[2020-07-07T14:34:35.089] [21084] [worker] [INFO] [DB] ready
[2020-07-07T14:36:07.740] [15840] [master] [INFO] Master 15840 is running
[2020-07-07T14:36:08.321] [15840] [master] [INFO] worker 17372 died (1). restarting...
[2020-07-07T14:36:08.851] [15840] [master] [INFO] worker 18044 died (1). restarting...
[2020-07-07T14:36:09.356] [15840] [master] [INFO] worker 16748 died (1). restarting...
[2020-07-07T14:36:09.860] [15840] [master] [INFO] worker 19632 died (1). restarting...
[2020-07-07T14:36:10.381] [15840] [master] [INFO] worker 20164 died (1). restarting...
[2020-07-07T14:36:10.925] [15840] [master] [INFO] worker 14796 died (1). restarting...
[2020-07-07T14:36:11.446] [15840] [master] [INFO] worker 4264 died (1). restarting...
[2020-07-07T14:36:11.941] [15840] [master] [INFO] worker 5508 died (1). restarting...
[2020-07-07T14:36:12.524] [15840] [master] [INFO] worker 13672 died (1). restarting...
[2020-07-07T14:36:13.087] [15840] [master] [INFO] worker 21012 died (1). restarting...
[2020-07-07T14:36:13.678] [15840] [master] [INFO] worker 20456 died (1). restarting...
[2020-07-07T14:36:14.258] [15840] [master] [INFO] worker 10108 died (1). restarting...
[2020-07-07T14:36:14.871] [15840] [master] [INFO] worker 19240 died (1). restarting...
[2020-07-07T14:36:15.489] [15840] [master] [INFO] worker 19084 died (1). restarting...
[2020-07-07T14:36:16.058] [15840] [master] [INFO] worker 14008 died (1). restarting...
[2020-07-07T14:36:16.702] [15840] [master] [INFO] worker 11964 died (1). restarting...
[2020-07-07T14:36:17.409] [15840] [master] [INFO] worker 6944 died (1). restarting...
[2020-07-07T14:36:17.908] [15840] [master] [INFO] worker 12736 died (1). restarting...
[2020-07-07T14:36:18.406] [15840] [master] [INFO] worker 17804 died (1). restarting...
[2020-07-07T14:36:18.932] [15840] [master] [INFO] worker 17972 died (1). restarting...
[2020-07-07T14:36:19.563] [15840] [master] [INFO] worker 19972 died (1). restarting...
[2020-07-07T14:36:20.108] [15840] [master] [INFO] worker 16172 died (1). restarting...
[2020-07-07T14:36:20.610] [15840] [master] [INFO] worker 11444 died (1). restarting...
[2020-07-07T14:36:21.083] [15840] [master] [INFO] worker 17576 died (1). restarting...
[2020-07-07T14:36:21.573] [15840] [master] [INFO] worker 16588 died (1). restarting...
[2020-07-07T14:36:22.069] [15840] [master] [INFO] worker 16236 died (1). restarting...
[2020-07-07T14:36:22.561] [15840] [master] [INFO] worker 14432 died (1). restarting...
[2020-07-07T14:36:23.073] [15840] [master] [INFO] worker 6592 died (1). restarting...
[2020-07-07T14:36:23.566] [15840] [master] [INFO] worker 19432 died (1). restarting...
[2020-07-07T14:36:24.110] [15840] [master] [INFO] worker 172 died (1). restarting...
[2020-07-07T14:36:24.633] [15840] [master] [INFO] worker 19720 died (1). restarting...
[2020-07-07T14:36:25.154] [15840] [master] [INFO] worker 20740 died (1). restarting...
[2020-07-07T14:36:25.668] [15840] [master] [INFO] worker 10112 died (1). restarting...
[2020-07-07T14:36:26.162] [15840] [master] [INFO] worker 15884 died (1). restarting...
[2020-07-07T14:36:26.669] [15840] [master] [INFO] worker 15648 died (1). restarting...
[2020-07-07T14:36:27.152] [15840] [master] [INFO] worker 17808 died (1). restarting...
[2020-07-07T14:36:27.678] [15840] [master] [INFO] worker 19404 died (1). restarting...
[2020-07-07T14:36:28.209] [15840] [master] [INFO] worker 5456 died (1). restarting...
[2020-07-07T14:36:28.711] [15840] [master] [INFO] worker 1640 died (1). restarting...
[2020-07-07T14:36:29.246] [15840] [master] [INFO] worker 19476 died (1). restarting...
[2020-07-07T14:36:29.763] [15840] [master] [INFO] worker 17220 died (1). restarting...
[2020-07-07T14:36:30.306] [15840] [master] [INFO] worker 3428 died (1). restarting...
[2020-07-07T14:36:30.818] [15840] [master] [INFO] worker 14680 died (1). restarting...
[2020-07-07T14:36:31.333] [15840] [master] [INFO] worker 15240 died (1). restarting...
[2020-07-07T14:36:31.863] [15840] [master] [INFO] worker 16860 died (1). restarting...
[2020-07-07T14:36:32.372] [15840] [master] [INFO] worker 19372 died (1). restarting...
[2020-07-07T14:36:32.901] [15840] [master] [INFO] worker 20848 died (1). restarting...
[2020-07-07T14:36:33.506] [15840] [master] [INFO] worker 16564 died (1). restarting...
[2020-07-07T14:36:34.163] [15840] [master] [INFO] worker 14772 died (1). restarting...
[2020-07-07T14:36:34.699] [15840] [master] [INFO] worker 21488 died (1). restarting...
[2020-07-07T14:36:35.256] [15840] [master] [INFO] worker 11168 died (1). restarting...
[2020-07-07T14:36:35.781] [15840] [master] [INFO] worker 18036 died (1). restarting...
[2020-07-07T14:36:36.277] [15840] [master] [INFO] worker 14272 died (1). restarting...
[2020-07-07T14:36:36.779] [15840] [master] [INFO] worker 15464 died (1). restarting...
[2020-07-07T14:36:37.287] [15840] [master] [INFO] worker 1068 died (1). restarting...
[2020-07-07T14:36:37.791] [15840] [master] [INFO] worker 20508 died (1). restarting...
[2020-07-07T14:36:38.359] [15840] [master] [INFO] worker 15392 died (1). restarting...
[2020-07-07T14:36:38.921] [15840] [master] [INFO] worker 1748 died (1). restarting...
[2020-07-07T14:36:39.486] [15840] [master] [INFO] worker 19876 died (1). restarting...
[2020-07-07T14:36:40.063] [15840] [master] [INFO] worker 19616 died (1). restarting...
[2020-07-07T14:36:40.663] [15840] [master] [INFO] worker 13764 died (1). restarting...
[2020-07-07T14:36:41.225] [15840] [master] [INFO] worker 17060 died (1). restarting...
[2020-07-07T14:36:41.747] [15840] [master] [INFO] worker 13940 died (1). restarting...
[2020-07-07T14:36:42.311] [15840] [master] [INFO] worker 20140 died (1). restarting...
[2020-07-07T14:36:42.808] [15840] [master] [INFO] worker 16448 died (1). restarting...
[2020-07-07T14:36:43.412] [21128] [master] [INFO] Master 21128 is running
[2020-07-07T14:36:44.822] [10652] [worker] [INFO] [Redis] ready
[2020-07-07T14:36:44.833] [10652] [worker] [INFO] [DB] ready
[2020-07-07T14:36:52.277] [17696] [master] [INFO] Master 17696 is running
[2020-07-07T14:36:53.859] [6596] [worker] [INFO] [Redis] ready
[2020-07-07T14:36:53.891] [6596] [worker] [INFO] [DB] ready
[2020-07-07T14:37:01.596] [6596] [worker] [ERROR] Error: token invalid or expired: 9fada4ef-ff1e-4303-94fd-7863e6a220e4
    at Jwt.getPayload (D:\vscode\STARTER\koa-starter\lib\jwt.js:42:13)
    at processTicksAndRejections (internal/process/task_queues.js:97:5)
    at async authorization (D:\vscode\STARTER\koa-starter\middleware\authorization.js:16:26)
    at async D:\vscode\STARTER\koa-starter\middleware\accessLog.js:7:5
    at async serve (D:\vscode\STARTER\koa-starter\node_modules\koa-static\index.js:53:9)
    at async cors (D:\vscode\STARTER\koa-starter\node_modules\koa2-cors\dist\index.js:91:9)
    at async bodyParser (D:\vscode\STARTER\koa-starter\node_modules\koa-bodyparser\index.js:95:5)
[2020-07-07T14:37:05.711] [6596] [worker] [ERROR] Error: token invalid or expired: 9fada4ef-ff1e-4303-94fd-7863e6a220e4
    at Jwt.getPayload (D:\vscode\STARTER\koa-starter\lib\jwt.js:42:13)
    at processTicksAndRejections (internal/process/task_queues.js:97:5)
    at async authorization (D:\vscode\STARTER\koa-starter\middleware\authorization.js:16:26)
    at async D:\vscode\STARTER\koa-starter\middleware\accessLog.js:7:5
    at async serve (D:\vscode\STARTER\koa-starter\node_modules\koa-static\index.js:53:9)
    at async cors (D:\vscode\STARTER\koa-starter\node_modules\koa2-cors\dist\index.js:91:9)
    at async bodyParser (D:\vscode\STARTER\koa-starter\node_modules\koa-bodyparser\index.js:95:5)
[2020-07-07T14:37:10.614] [6596] [worker] [ERROR] Error: token invalid or expired: 9fada4ef-ff1e-4303-94fd-7863e6a220e4
    at Jwt.getPayload (D:\vscode\STARTER\koa-starter\lib\jwt.js:42:13)
    at processTicksAndRejections (internal/process/task_queues.js:97:5)
    at async authorization (D:\vscode\STARTER\koa-starter\middleware\authorization.js:16:26)
    at async D:\vscode\STARTER\koa-starter\middleware\accessLog.js:7:5
    at async serve (D:\vscode\STARTER\koa-starter\node_modules\koa-static\index.js:53:9)
    at async cors (D:\vscode\STARTER\koa-starter\node_modules\koa2-cors\dist\index.js:91:9)
    at async bodyParser (D:\vscode\STARTER\koa-starter\node_modules\koa-bodyparser\index.js:95:5)
[2020-07-07T14:37:32.355] [20248] [master] [INFO] Master 20248 is running
[2020-07-07T14:37:33.734] [16728] [worker] [INFO] [Redis] ready
[2020-07-07T14:37:33.744] [16728] [worker] [INFO] [DB] ready
[2020-07-07T14:37:37.712] [17144] [master] [INFO] Master 17144 is running
[2020-07-07T14:37:39.051] [13544] [worker] [INFO] [Redis] ready
[2020-07-07T14:37:39.090] [13544] [worker] [INFO] [DB] ready
[2020-07-07T14:37:46.356] [13544] [worker] [DEBUG] [DB] Connection 34 acquired
[2020-07-07T14:38:36.582] [13544] [worker] [DEBUG] [DB] Connection 35 connection
[2020-07-07T14:38:36.582] [13544] [worker] [DEBUG] [DB] Connection 35 acquired
[2020-07-07T14:40:54.291] [13544] [worker] [DEBUG] [DB] Connection 36 connection
[2020-07-07T14:40:54.291] [13544] [worker] [DEBUG] [DB] Connection 36 acquired
[2020-07-07T15:15:16.021] [13544] [worker] [DEBUG] [DB] Connection 37 connection
[2020-07-07T15:15:16.021] [13544] [worker] [DEBUG] [DB] Connection 37 acquired
[2020-07-07T15:17:07.955] [13544] [worker] [DEBUG] [DB] Connection 38 connection
[2020-07-07T15:17:07.955] [13544] [worker] [DEBUG] [DB] Connection 38 acquired
[2020-07-07T15:19:42.766] [13544] [worker] [DEBUG] [DB] Connection 39 connection
[2020-07-07T15:19:42.766] [13544] [worker] [DEBUG] [DB] Connection 39 acquired
[2020-07-07T15:49:32.325] [17144] [master] [INFO] worker 13544 died (3221225786). restarting...
[2020-07-07T15:49:34.847] [16748] [worker] [INFO] [Redis] ready
[2020-07-07T15:49:34.931] [16748] [worker] [INFO] [DB] ready
[2020-07-07T15:49:37.592] [16080] [master] [INFO] Master 16080 is running
[2020-07-07T15:49:38.957] [15552] [worker] [INFO] [Redis] ready
[2020-07-07T15:49:38.977] [15552] [worker] [INFO] [DB] ready
