[2020-07-06T14:58:14.506] [3680] [worker] [ERROR] Error: Unknown column 'username' in 'where clause'
    at PromisePoolConnection.query (D:\vscode\STARTER\koa-starter\node_modules\mysql2\promise.js:92:22)
    at Db.query (D:\vscode\STARTER\koa-starter\lib\db.js:105:35)
    at login (D:\vscode\STARTER\koa-starter\controller\user\auth.js:8:39)
    at processTicksAndRejections (internal/process/task_queues.js:97:5)
    at async D:\vscode\STARTER\koa-starter\middleware\accessLog.js:7:5
    at async serve (D:\vscode\STARTER\koa-starter\node_modules\koa-static\index.js:53:9)
    at async cors (D:\vscode\STARTER\koa-starter\node_modules\koa2-cors\dist\index.js:91:9)
    at async bodyParser (D:\vscode\STARTER\koa-starter\node_modules\koa-bodyparser\index.js:95:5) {
  code: 'ER_BAD_FIELD_ERROR',
  errno: 1054,
  sqlState: '42S22',
  sqlMessage: "Unknown column 'username' in 'where clause'"
}
[2020-07-06T15:27:45.148] [21216] [worker] [ERROR] ReferenceError: users is not defined
    at login (D:\vscode\STARTER\koa-starter\controller\user\auth.js:12:74)
    at processTicksAndRejections (internal/process/task_queues.js:97:5)
    at async D:\vscode\STARTER\koa-starter\middleware\accessLog.js:7:5
    at async serve (D:\vscode\STARTER\koa-starter\node_modules\koa-static\index.js:53:9)
    at async cors (D:\vscode\STARTER\koa-starter\node_modules\koa2-cors\dist\index.js:91:9)
    at async bodyParser (D:\vscode\STARTER\koa-starter\node_modules\koa-bodyparser\index.js:95:5)
[2020-07-06T16:50:45.818] [16632] [worker] [ERROR] TypeError: Cannot read property 'jwt' of undefined
    at login (D:\vscode\STARTER\koa-starter\controller\user\auth.js:18:40)
    at processTicksAndRejections (internal/process/task_queues.js:97:5)
    at async D:\vscode\STARTER\koa-starter\middleware\accessLog.js:7:5
    at async serve (D:\vscode\STARTER\koa-starter\node_modules\koa-static\index.js:53:9)
    at async cors (D:\vscode\STARTER\koa-starter\node_modules\koa2-cors\dist\index.js:91:9)
    at async bodyParser (D:\vscode\STARTER\koa-starter\node_modules\koa-bodyparser\index.js:95:5)
[2020-07-06T16:52:34.970] [23284] [worker] [ERROR] TypeError: Cannot read property 'jwt' of undefined
    at login (D:\vscode\STARTER\koa-starter\controller\user\auth.js:19:40)
    at processTicksAndRejections (internal/process/task_queues.js:97:5)
    at async D:\vscode\STARTER\koa-starter\middleware\accessLog.js:7:5
    at async serve (D:\vscode\STARTER\koa-starter\node_modules\koa-static\index.js:53:9)
    at async cors (D:\vscode\STARTER\koa-starter\node_modules\koa2-cors\dist\index.js:91:9)
    at async bodyParser (D:\vscode\STARTER\koa-starter\node_modules\koa-bodyparser\index.js:95:5)
[2020-07-06T16:54:06.392] [11092] [worker] [ERROR] TypeError: Cannot read property 'jwt' of undefined
    at login (D:\vscode\STARTER\koa-starter\controller\user\auth.js:19:40)
    at processTicksAndRejections (internal/process/task_queues.js:97:5)
    at async D:\vscode\STARTER\koa-starter\middleware\accessLog.js:7:5
    at async serve (D:\vscode\STARTER\koa-starter\node_modules\koa-static\index.js:53:9)
    at async cors (D:\vscode\STARTER\koa-starter\node_modules\koa2-cors\dist\index.js:91:9)
    at async bodyParser (D:\vscode\STARTER\koa-starter\node_modules\koa-bodyparser\index.js:95:5)
[2020-07-06T16:56:45.842] [21644] [worker] [ERROR] TypeError: Cannot read property 'jwt' of undefined
    at login (D:\vscode\STARTER\koa-starter\controller\user\auth.js:20:40)
    at processTicksAndRejections (internal/process/task_queues.js:97:5)
    at async D:\vscode\STARTER\koa-starter\middleware\accessLog.js:7:5
    at async serve (D:\vscode\STARTER\koa-starter\node_modules\koa-static\index.js:53:9)
    at async cors (D:\vscode\STARTER\koa-starter\node_modules\koa2-cors\dist\index.js:91:9)
    at async bodyParser (D:\vscode\STARTER\koa-starter\node_modules\koa-bodyparser\index.js:95:5)
[2020-07-06T16:57:28.096] [20408] [worker] [ERROR] TypeError: Cannot read property 'jwt' of undefined
    at login (D:\vscode\STARTER\koa-starter\controller\user\auth.js:20:40)
    at processTicksAndRejections (internal/process/task_queues.js:97:5)
    at async D:\vscode\STARTER\koa-starter\middleware\accessLog.js:7:5
    at async serve (D:\vscode\STARTER\koa-starter\node_modules\koa-static\index.js:53:9)
    at async cors (D:\vscode\STARTER\koa-starter\node_modules\koa2-cors\dist\index.js:91:9)
    at async bodyParser (D:\vscode\STARTER\koa-starter\node_modules\koa-bodyparser\index.js:95:5)
[2020-07-07T11:03:30.661] [17388] [worker] [ERROR] TypeError: Cannot read property 'jwt' of undefined
    at login (D:\vscode\STARTER\koa-starter\controller\user\auth.js:17:40)
    at processTicksAndRejections (internal/process/task_queues.js:97:5)
    at async D:\vscode\STARTER\koa-starter\middleware\accessLog.js:7:5
    at async serve (D:\vscode\STARTER\koa-starter\node_modules\koa-static\index.js:53:9)
    at async cors (D:\vscode\STARTER\koa-starter\node_modules\koa2-cors\dist\index.js:91:9)
    at async bodyParser (D:\vscode\STARTER\koa-starter\node_modules\koa-bodyparser\index.js:95:5)
[2020-07-07T14:37:01.596] [6596] [worker] [ERROR] Error: token invalid or expired: 9fada4ef-ff1e-4303-94fd-7863e6a220e4
    at Jwt.getPayload (D:\vscode\STARTER\koa-starter\lib\jwt.js:42:13)
    at processTicksAndRejections (internal/process/task_queues.js:97:5)
    at async authorization (D:\vscode\STARTER\koa-starter\middleware\authorization.js:16:26)
    at async D:\vscode\STARTER\koa-starter\middleware\accessLog.js:7:5
    at async serve (D:\vscode\STARTER\koa-starter\node_modules\koa-static\index.js:53:9)
    at async cors (D:\vscode\STARTER\koa-starter\node_modules\koa2-cors\dist\index.js:91:9)
    at async bodyParser (D:\vscode\STARTER\koa-starter\node_modules\koa-bodyparser\index.js:95:5)
[2020-07-07T14:37:05.711] [6596] [worker] [ERROR] Error: token invalid or expired: 9fada4ef-ff1e-4303-94fd-7863e6a220e4
    at Jwt.getPayload (D:\vscode\STARTER\koa-starter\lib\jwt.js:42:13)
    at processTicksAndRejections (internal/process/task_queues.js:97:5)
    at async authorization (D:\vscode\STARTER\koa-starter\middleware\authorization.js:16:26)
    at async D:\vscode\STARTER\koa-starter\middleware\accessLog.js:7:5
    at async serve (D:\vscode\STARTER\koa-starter\node_modules\koa-static\index.js:53:9)
    at async cors (D:\vscode\STARTER\koa-starter\node_modules\koa2-cors\dist\index.js:91:9)
    at async bodyParser (D:\vscode\STARTER\koa-starter\node_modules\koa-bodyparser\index.js:95:5)
[2020-07-07T14:37:10.614] [6596] [worker] [ERROR] Error: token invalid or expired: 9fada4ef-ff1e-4303-94fd-7863e6a220e4
    at Jwt.getPayload (D:\vscode\STARTER\koa-starter\lib\jwt.js:42:13)
    at processTicksAndRejections (internal/process/task_queues.js:97:5)
    at async authorization (D:\vscode\STARTER\koa-starter\middleware\authorization.js:16:26)
    at async D:\vscode\STARTER\koa-starter\middleware\accessLog.js:7:5
    at async serve (D:\vscode\STARTER\koa-starter\node_modules\koa-static\index.js:53:9)
    at async cors (D:\vscode\STARTER\koa-starter\node_modules\koa2-cors\dist\index.js:91:9)
    at async bodyParser (D:\vscode\STARTER\koa-starter\node_modules\koa-bodyparser\index.js:95:5)
